<?xml version="1.0" encoding="UTF-8"?>
<!-- Generated by org.testng.reporters.JUnitReportReporter -->
<testsuite hostname="DESKTOP-LQ34J2Q" failures="0" tests="1" name="ui.GoogleTest" time="5.171" errors="0" timestamp="2025-10-01T12:49:31 IST" skipped="0">
  <testcase classname="ui.GoogleTest" name="searchTest" time="5.171"/>
</testsuite> <!-- ui.GoogleTest -->
