<?xml version="1.0" encoding="UTF-8"?>
<!-- Generated by org.testng.reporters.JUnitReportReporter -->
<testsuite hostname="DESKTOP-LQ34J2Q" failures="0" tests="1" name="tests.GoogleTest" time="9.858" errors="0" timestamp="2025-10-01T12:49:31 IST" skipped="0">
  <testcase classname="tests.GoogleTest" name="openGoogle" time="9.858"/>
</testsuite> <!-- tests.GoogleTest -->
