<?xml version="1.0" encoding="UTF-8"?>
<!-- Generated by org.testng.reporters.JUnitReportReporter -->
<testsuite hostname="DESKTOP-LQ34J2Q" failures="0" tests="1" name="api.SampleApiTest" time="3.743" errors="0" timestamp="2025-10-01T12:49:31 IST" skipped="0">
  <testcase classname="api.SampleApiTest" name="testGetUsers" time="3.743"/>
</testsuite> <!-- api.SampleApiTest -->
