<?xml version="1.0" encoding="UTF-8"?>
<!-- Generated by org.testng.reporters.JUnitReportReporter -->
<testsuite hostname="DESKTOP-LQ34J2Q" failures="0" tests="1" name="ui.GoogleTest" time="8.221" errors="0" timestamp="2025-10-01T15:45:45 IST" skipped="0">
  <testcase classname="ui.GoogleTest" name="searchTest" time="8.221"/>
</testsuite> <!-- ui.GoogleTest -->
