<?xml version="1.0" encoding="UTF-8"?>
<!-- Generated by org.testng.reporters.JUnitReportReporter -->
<testsuite hostname="DESKTOP-LQ34J2Q" failures="0" tests="1" name="ui.GoogleTest" time="4.587" errors="0" timestamp="2025-10-01T09:20:43 IST" skipped="0">
  <testcase classname="ui.GoogleTest" name="searchTest" time="4.587"/>
</testsuite> <!-- ui.GoogleTest -->
